<?xml version="1.0" encoding="UTF-8"?>
<testng-results skipped="0" failed="0" ignored="0" total="1" passed="1">
  <reporter-output>
  </reporter-output>
  <suite name="Default suite" duration-ms="12935" started-at="2024-04-04T19:21:31 IST" finished-at="2024-04-04T19:21:44 IST">
    <groups>
    </groups>
    <test name="Default test" duration-ms="12935" started-at="2024-04-04T19:21:31 IST" finished-at="2024-04-04T19:21:44 IST">
      <class name="com.ebanking.master.Exepom">
        <test-method status="PASS" signature="pom()[pri:0, instance:com.ebanking.master.Exepom@27a8c74e]" name="pom" duration-ms="12834" started-at="2024-04-04T19:21:31 IST" finished-at="2024-04-04T19:21:43 IST">
          <reporter-output>
          </reporter-output>
        </test-method> <!-- pom -->
      </class> <!-- com.ebanking.master.Exepom -->
    </test> <!-- Default test -->
  </suite> <!-- Default suite -->
</testng-results>
